v1.0.1
-Error for unsupported file extension
-Added return command

v1.0.2
-Added sleep command
-Added play command

v1.0.3
-Added quit command
-Now you can comment code
-Return text in .vbs format
-Improved text for html return
-Bugs fixed

v1.0.4
-Added registers
-Assign values to registers
-Perform operations with registers

v1.0.5
-Replaced $cd command with $fso
-Create or delete file/folders
-Assign registers to NULL

v1.0.6
-Run console
-Sleep command supports register values
-Added SendKeys command
-Fixed NULL assignment
